2017-12-24T07:27:49.537Z
{ Error: listen EADDRINUSE 127.0.0.1:8888
    at Object._errnoException (util.js:1041:11)
    at _exceptionWithHostPort (util.js:1064:20)
    at Server.setupListenHandle [as _listen2] (net.js:1322:14)
    at listenInCluster (net.js:1370:12)
    at doListen (net.js:1492:7)
    at _combinedTickCallback (internal/process/next_tick.js:141:11)
    at process._tickCallback (internal/process/next_tick.js:180:9)
    at Function.Module.runMain (module.js:611:11)
    at startup (bootstrap_node.js:158:16)
    at bootstrap_node.js:598:3
  code: 'EADDRINUSE',
  errno: 'EADDRINUSE',
  syscall: 'listen',
  address: '127.0.0.1',
  port: 8888 }

2017-12-25T04:06:05.497Z
{ Error: listen EADDRINUSE 127.0.0.1:8888
    at Object._errnoException (util.js:1041:11)
    at _exceptionWithHostPort (util.js:1064:20)
    at Server.setupListenHandle [as _listen2] (net.js:1322:14)
    at listenInCluster (net.js:1370:12)
    at doListen (net.js:1492:7)
    at _combinedTickCallback (internal/process/next_tick.js:141:11)
    at process._tickCallback (internal/process/next_tick.js:180:9)
    at Function.Module.runMain (module.js:611:11)
    at startup (bootstrap_node.js:158:16)
    at bootstrap_node.js:598:3
  code: 'EADDRINUSE',
  errno: 'EADDRINUSE',
  syscall: 'listen',
  address: '127.0.0.1',
  port: 8888 }

